Using pre-set license
Built from '2020.3/release' branch; Version is '2020.3.7f1 (dd97f2c94397) revision 14522354'; Using compiler version '192528614'; Build Type 'Release'
OS: 'Windows 10 Home Single Language; OS build 19043.1237; Version 2009; 64bit' Language: 'es' Physical Memory: 16264 MB
BatchMode: 1, IsHumanControllingUs: 0, StartBugReporterOnCrash: 0, Is64bit: 1, IsPro: 0

 COMMAND LINE ARGUMENTS:
D:\Programas HDD\Unity\Versions\2020.3.7f1\Editor\Unity.exe
-adb2
-batchMode
-noUpm
-name
AssetImportWorker0
-projectPath
D:/Programas HDD/Unity/Unity Proyectos/Controlador2D
-logFile
Logs/AssetImportWorker0.log
-srvPort
58229
Successfully changed project path to: D:/Programas HDD/Unity/Unity Proyectos/Controlador2D
D:/Programas HDD/Unity/Unity Proyectos/Controlador2D
Using Asset Import Pipeline V2.
Refreshing native plugins compatible for Editor in 36.78 ms, found 1 plugins.
Preloading 0 native plugins for Editor in 0.00 ms.
Initialize engine version: 2020.3.7f1 (dd97f2c94397)
[Subsystems] Discovering subsystems at path D:/Programas HDD/Unity/Versions/2020.3.7f1/Editor/Data/Resources/UnitySubsystems
[Subsystems] Discovering subsystems at path D:/Programas HDD/Unity/Unity Proyectos/Controlador2D/Assets
GfxDevice: creating device client; threaded=0
Direct3D:
    Version:  Direct3D 11.0 [level 11.1]
    Renderer: NVIDIA GeForce GTX 1050 Ti (ID=0x1c8c)
    Vendor:   
    VRAM:     4018 MB
    Driver:   30.0.14.7212
Initialize mono
Mono path[0] = 'D:/Programas HDD/Unity/Versions/2020.3.7f1/Editor/Data/Managed'
Mono path[1] = 'D:/Programas HDD/Unity/Versions/2020.3.7f1/Editor/Data/MonoBleedingEdge/lib/mono/unityjit'
Mono config path = 'D:/Programas HDD/Unity/Versions/2020.3.7f1/Editor/Data/MonoBleedingEdge/etc'
Using monoOptions --debugger-agent=transport=dt_socket,embedding=1,server=y,suspend=n,address=127.0.0.1:56060
Begin MonoManager ReloadAssembly
Registering precompiled unity dll's ...
Register platform support module: D:/Programas HDD/Unity/Versions/2020.3.7f1/Editor/Data/PlaybackEngines/WindowsStandaloneSupport/UnityEditor.WindowsStandalone.Extensions.dll
Registered in 0.001208 seconds.
Native extension for WindowsStandalone target not found
Refreshing native plugins compatible for Editor in 34.31 ms, found 1 plugins.
Preloading 0 native plugins for Editor in 0.00 ms.
Mono: successfully reloaded assembly
- Completed reload, in  1.308 seconds
Platform modules already initialized, skipping
Registering precompiled user dll's ...
Registered in 0.000863 seconds.
Begin MonoManager ReloadAssembly
Native extension for WindowsStandalone target not found
Refreshing native plugins compatible for Editor in 36.10 ms, found 1 plugins.
Preloading 0 native plugins for Editor in 0.00 ms.
Mono: successfully reloaded assembly
- Completed reload, in  0.924 seconds
Platform modules already initialized, skipping
========================================================================
Worker process is ready to serve import requests
Launched and connected shader compiler UnityShaderCompiler.exe after 0.05 seconds
Refreshing native plugins compatible for Editor in 0.39 ms, found 1 plugins.
Preloading 0 native plugins for Editor in 0.00 ms.
Unloading 1817 Unused Serialized files (Serialized files now loaded: 0)
System memory in use before: 104.9 MB.
System memory in use after: 104.8 MB.

Unloading 23 unused Assets to reduce memory usage. Loaded Objects now: 2283.
Total: 2.712800 ms (FindLiveObjects: 0.263300 ms CreateObjectMapping: 0.139300 ms MarkObjects: 2.160200 ms  DeleteObjects: 0.148500 ms)

========================================================================
Received Import Request.
  path: Assets/Scenes/Level1.unity
  artifactKey: Guid(a46abcd214378064fa486562892b7510) Importer(815301076,1909f56bfc062723c751e8b465ee728b)
Start importing Assets/Scenes/Level1.unity using Guid(a46abcd214378064fa486562892b7510) Importer(815301076,1909f56bfc062723c751e8b465ee728b)  -> (artifact id: '920b102142cdfd4c6fa91cdcb750dbef') in 0.070020 seconds
  Import took 0.072592 seconds .

========================================================================
Received Import Request.
  Time since last request: 4.315403 seconds.
  path: Assets/Scenes/Level1_2.unity
  artifactKey: Guid(a46abcd214378064fa486562892b7510) Importer(815301076,1909f56bfc062723c751e8b465ee728b)
Start importing Assets/Scenes/Level1_2.unity using Guid(a46abcd214378064fa486562892b7510) Importer(815301076,1909f56bfc062723c751e8b465ee728b)  -> (artifact id: '619c3644e17249e7fee1c26680ebcc4e') in 0.002246 seconds
  Import took 0.005631 seconds .

========================================================================
Received Import Request.
  Time since last request: 9.466178 seconds.
  path: Assets/Scenes/SampleScene.unity
  artifactKey: Guid(2cda990e2423bbf4892e6590ba056729) Importer(815301076,1909f56bfc062723c751e8b465ee728b)
Start importing Assets/Scenes/SampleScene.unity using Guid(2cda990e2423bbf4892e6590ba056729) Importer(815301076,1909f56bfc062723c751e8b465ee728b)  -> (artifact id: '7311fd45cc19dc6b52ac3907b630682d') in 0.002281 seconds
  Import took 0.006043 seconds .

========================================================================
Received Import Request.
  Time since last request: 9.124755 seconds.
  path: Assets/Scenes/Level_1-2.unity
  artifactKey: Guid(a46abcd214378064fa486562892b7510) Importer(815301076,1909f56bfc062723c751e8b465ee728b)
Start importing Assets/Scenes/Level_1-2.unity using Guid(a46abcd214378064fa486562892b7510) Importer(815301076,1909f56bfc062723c751e8b465ee728b)  -> (artifact id: '60525e9022769afb75632a7be6d0385c') in 0.002465 seconds
  Import took 0.005850 seconds .

========================================================================
Received Prepare
Registering precompiled user dll's ...
Registered in 0.000827 seconds.
Begin MonoManager ReloadAssembly
Native extension for WindowsStandalone target not found
Refreshing native plugins compatible for Editor in 0.62 ms, found 1 plugins.
Preloading 0 native plugins for Editor in 0.00 ms.
Mono: successfully reloaded assembly
- Completed reload, in  1.001 seconds
Platform modules already initialized, skipping
Refreshing native plugins compatible for Editor in 0.53 ms, found 1 plugins.
Preloading 0 native plugins for Editor in 0.00 ms.
Unloading 1812 Unused Serialized files (Serialized files now loaded: 0)
System memory in use before: 104.9 MB.
System memory in use after: 104.8 MB.

Unloading 12 unused Assets to reduce memory usage. Loaded Objects now: 2287.
Total: 2.266400 ms (FindLiveObjects: 0.275000 ms CreateObjectMapping: 0.104500 ms MarkObjects: 1.718900 ms  DeleteObjects: 0.167000 ms)

========================================================================
Received Prepare
Registering precompiled user dll's ...
Registered in 0.000999 seconds.
Begin MonoManager ReloadAssembly
Native extension for WindowsStandalone target not found
Refreshing native plugins compatible for Editor in 0.51 ms, found 1 plugins.
Preloading 0 native plugins for Editor in 0.00 ms.
Mono: successfully reloaded assembly
- Completed reload, in  1.038 seconds
Platform modules already initialized, skipping
Refreshing native plugins compatible for Editor in 0.47 ms, found 1 plugins.
Preloading 0 native plugins for Editor in 0.00 ms.
Unloading 1812 Unused Serialized files (Serialized files now loaded: 0)
System memory in use before: 104.9 MB.
System memory in use after: 104.9 MB.

Unloading 12 unused Assets to reduce memory usage. Loaded Objects now: 2291.
Total: 3.424100 ms (FindLiveObjects: 0.342500 ms CreateObjectMapping: 0.107800 ms MarkObjects: 2.764700 ms  DeleteObjects: 0.208000 ms)

========================================================================
Received Prepare
Registering precompiled user dll's ...
Registered in 0.000866 seconds.
Begin MonoManager ReloadAssembly
Native extension for WindowsStandalone target not found
Refreshing native plugins compatible for Editor in 0.57 ms, found 1 plugins.
Preloading 0 native plugins for Editor in 0.00 ms.
Mono: successfully reloaded assembly
- Completed reload, in  0.965 seconds
Platform modules already initialized, skipping
Refreshing native plugins compatible for Editor in 0.40 ms, found 1 plugins.
Preloading 0 native plugins for Editor in 0.00 ms.
Unloading 1812 Unused Serialized files (Serialized files now loaded: 0)
System memory in use before: 104.9 MB.
System memory in use after: 104.9 MB.

Unloading 12 unused Assets to reduce memory usage. Loaded Objects now: 2295.
Total: 2.316800 ms (FindLiveObjects: 0.195100 ms CreateObjectMapping: 0.061200 ms MarkObjects: 1.882100 ms  DeleteObjects: 0.177400 ms)

========================================================================
Received Import Request.
  Time since last request: 280.719294 seconds.
  path: Assets/Scenes/Level_1_1.unity
  artifactKey: Guid(3b5ebe98439cf114c99f475d22c4fa5e) Importer(815301076,1909f56bfc062723c751e8b465ee728b)
Start importing Assets/Scenes/Level_1_1.unity using Guid(3b5ebe98439cf114c99f475d22c4fa5e) Importer(815301076,1909f56bfc062723c751e8b465ee728b)  -> (artifact id: 'a4941e54ed7d5f1726962bee6b53a5e4') in 0.014485 seconds
  Import took 0.018073 seconds .

========================================================================
Received Import Request.
  Time since last request: 0.001298 seconds.
  path: Assets/Scenes/Level_1_1.unity
  artifactKey: Guid(3b5ebe98439cf114c99f475d22c4fa5e) Importer(815301076,1909f56bfc062723c751e8b465ee728b)
Start importing Assets/Scenes/Level_1_1.unity using Guid(3b5ebe98439cf114c99f475d22c4fa5e) Importer(815301076,1909f56bfc062723c751e8b465ee728b)  -> (artifact id: 'a4941e54ed7d5f1726962bee6b53a5e4') in 0.002475 seconds
  Import took 0.005761 seconds .

========================================================================
Received Import Request.
  Time since last request: 5.228153 seconds.
  path: Assets/Scenes/Level_1-3.unity
  artifactKey: Guid(a46abcd214378064fa486562892b7510) Importer(815301076,1909f56bfc062723c751e8b465ee728b)
Start importing Assets/Scenes/Level_1-3.unity using Guid(a46abcd214378064fa486562892b7510) Importer(815301076,1909f56bfc062723c751e8b465ee728b)  -> (artifact id: 'e0c06fbba860bda516633b855569e018') in 0.002533 seconds
  Import took 0.006799 seconds .

========================================================================
Received Import Request.
  Time since last request: 52.266244 seconds.
  path: Assets/Scenes/Level_1_2.unity
  artifactKey: Guid(3b5ebe98439cf114c99f475d22c4fa5e) Importer(815301076,1909f56bfc062723c751e8b465ee728b)
Start importing Assets/Scenes/Level_1_2.unity using Guid(3b5ebe98439cf114c99f475d22c4fa5e) Importer(815301076,1909f56bfc062723c751e8b465ee728b)  -> (artifact id: 'b5132b7e67785e720a68905e659ce680') in 0.002539 seconds
  Import took 0.007042 seconds .

========================================================================
Received Import Request.
  Time since last request: 49.868635 seconds.
  path: Assets/Scenes/Level_1-2.unity
  artifactKey: Guid(be094a13e0115194fb3add6e8e9c6a1b) Importer(815301076,1909f56bfc062723c751e8b465ee728b)
Start importing Assets/Scenes/Level_1-2.unity using Guid(be094a13e0115194fb3add6e8e9c6a1b) Importer(815301076,1909f56bfc062723c751e8b465ee728b)  -> (artifact id: 'c46e2584874449187a2f18b5cf274107') in 0.002646 seconds
  Import took 0.006296 seconds .

========================================================================
Received Import Request.
  Time since last request: 294.031174 seconds.
  path: Assets/Scenes/Level_1-1.unity
  artifactKey: Guid(be094a13e0115194fb3add6e8e9c6a1b) Importer(815301076,1909f56bfc062723c751e8b465ee728b)
Start importing Assets/Scenes/Level_1-1.unity using Guid(be094a13e0115194fb3add6e8e9c6a1b) Importer(815301076,1909f56bfc062723c751e8b465ee728b)  -> (artifact id: 'a355655d431a7f6b7c0982243abf253a') in 0.002794 seconds
  Import took 0.006909 seconds .

========================================================================
Received Import Request.
  Time since last request: 32.656731 seconds.
  path: Assets/Prefabs/Enemies/Enemy_BasicUpgraded.prefab
  artifactKey: Guid(60b2b942e6dcaab4ab9e3f3b9fca99a6) Importer(815301076,1909f56bfc062723c751e8b465ee728b)
Start importing Assets/Prefabs/Enemies/Enemy_BasicUpgraded.prefab using Guid(60b2b942e6dcaab4ab9e3f3b9fca99a6) Importer(815301076,1909f56bfc062723c751e8b465ee728b)  -> (artifact id: '5a8b0c67906ec5abaf5835ae62519157') in 0.153219 seconds
  Import took 0.156981 seconds .

========================================================================
Received Import Request.
  Time since last request: 4.285998 seconds.
  path: Assets/Prefabs/Particles/Enemies/EnemyShotParticles.prefab
  artifactKey: Guid(c10a76c4c029e0a4d8b912fb5307aabd) Importer(815301076,1909f56bfc062723c751e8b465ee728b)
Start importing Assets/Prefabs/Particles/Enemies/EnemyShotParticles.prefab using Guid(c10a76c4c029e0a4d8b912fb5307aabd) Importer(815301076,1909f56bfc062723c751e8b465ee728b)  -> (artifact id: '2d056579f0bc62b7289fd8ef74d59b22') in 0.004031 seconds
  Import took 0.007075 seconds .

========================================================================
Received Import Request.
  Time since last request: 0.037855 seconds.
  path: Assets/Prefabs/Particles/Enemies/EnemyShotParticles.prefab
  artifactKey: Guid(c10a76c4c029e0a4d8b912fb5307aabd) Importer(815301076,1909f56bfc062723c751e8b465ee728b)
Start importing Assets/Prefabs/Particles/Enemies/EnemyShotParticles.prefab using Guid(c10a76c4c029e0a4d8b912fb5307aabd) Importer(815301076,1909f56bfc062723c751e8b465ee728b)  -> (artifact id: '2d056579f0bc62b7289fd8ef74d59b22') in 0.003145 seconds
  Import took 0.006633 seconds .

========================================================================
Received Prepare
Registering precompiled user dll's ...
Registered in 0.001167 seconds.
Begin MonoManager ReloadAssembly
Native extension for WindowsStandalone target not found
Refreshing native plugins compatible for Editor in 0.46 ms, found 1 plugins.
Preloading 0 native plugins for Editor in 0.00 ms.
Mono: successfully reloaded assembly
- Completed reload, in  0.854 seconds
Platform modules already initialized, skipping
Refreshing native plugins compatible for Editor in 0.36 ms, found 1 plugins.
Preloading 0 native plugins for Editor in 0.00 ms.
Unloading 1812 Unused Serialized files (Serialized files now loaded: 0)
System memory in use before: 108.1 MB.
System memory in use after: 108.0 MB.

Unloading 13 unused Assets to reduce memory usage. Loaded Objects now: 2306.
Total: 2.427100 ms (FindLiveObjects: 0.247300 ms CreateObjectMapping: 0.099900 ms MarkObjects: 1.903400 ms  DeleteObjects: 0.175600 ms)

========================================================================
Received Prepare
Registering precompiled user dll's ...
Registered in 0.001116 seconds.
Begin MonoManager ReloadAssembly
Native extension for WindowsStandalone target not found
Refreshing native plugins compatible for Editor in 0.43 ms, found 1 plugins.
Preloading 0 native plugins for Editor in 0.00 ms.
Mono: successfully reloaded assembly
- Completed reload, in  0.974 seconds
Platform modules already initialized, skipping
Refreshing native plugins compatible for Editor in 0.36 ms, found 1 plugins.
Preloading 0 native plugins for Editor in 0.00 ms.
Unloading 1812 Unused Serialized files (Serialized files now loaded: 0)
System memory in use before: 108.1 MB.
System memory in use after: 108.1 MB.

Unloading 12 unused Assets to reduce memory usage. Loaded Objects now: 2310.
Total: 3.666700 ms (FindLiveObjects: 0.336900 ms CreateObjectMapping: 0.169900 ms MarkObjects: 2.914200 ms  DeleteObjects: 0.244200 ms)

========================================================================
Received Prepare
Registering precompiled user dll's ...
Registered in 0.001671 seconds.
Begin MonoManager ReloadAssembly
Native extension for WindowsStandalone target not found
Refreshing native plugins compatible for Editor in 64.63 ms, found 1 plugins.
Preloading 0 native plugins for Editor in 0.00 ms.
Mono: successfully reloaded assembly
- Completed reload, in  2.092 seconds
Platform modules already initialized, skipping
Shader 'Universal Render Pipeline/Nature/SpeedTree7': dependency 'BillboardShader' shader 'Universal Render Pipeline/Nature/SpeedTree7 Billboard' not found
Shader 'Universal Render Pipeline/Baked Lit': fallback shader 'Universal Render Pipeline/Unlit' not found
Shader 'Universal Render Pipeline/Simple Lit': fallback shader 'Hidden/Universal Render Pipeline/FallbackError' not found
Shader 'Universal Render Pipeline/Terrain/Lit': fallback shader 'Hidden/Universal Render Pipeline/FallbackError' not found
Shader 'Universal Render Pipeline/Terrain/Lit': dependency 'AddPassShader' shader 'Hidden/Universal Render Pipeline/Terrain/Lit (Add Pass)' not found
Shader 'Universal Render Pipeline/Terrain/Lit': dependency 'BaseMapShader' shader 'Hidden/Universal Render Pipeline/Terrain/Lit (Base Pass)' not found
Shader 'Universal Render Pipeline/Terrain/Lit': dependency 'BaseMapGenShader' shader 'Hidden/Universal Render Pipeline/Terrain/Lit (Basemap Gen)' not found
Shader 'Hidden/Universal Render Pipeline/Terrain/Lit (Add Pass)': fallback shader 'Hidden/Universal Render Pipeline/FallbackError' not found
Shader 'Hidden/Universal Render Pipeline/Terrain/Lit (Base Pass)': fallback shader 'Hidden/Universal Render Pipeline/FallbackError' not found
Shader 'Universal Render Pipeline/Particles/Lit': fallback shader 'Universal Render Pipeline/Particles/SimpleLit' not found
Shader 'Universal Render Pipeline/Particles/Lit': fallback shader 'Universal Render Pipeline/Particles/SimpleLit' not found
Refreshing native plugins compatible for Editor in 0.93 ms, found 1 plugins.
Preloading 0 native plugins for Editor in 0.00 ms.
Unloading 2906 Unused Serialized files (Serialized files now loaded: 0)
System memory in use before: 147.5 MB.
System memory in use after: 143.2 MB.

Unloading 68 unused Assets to reduce memory usage. Loaded Objects now: 3352.
Total: 10.553800 ms (FindLiveObjects: 0.625900 ms CreateObjectMapping: 0.347600 ms MarkObjects: 4.651700 ms  DeleteObjects: 4.926400 ms)

AssetImportWorkerClient::OnTransportError - code=2 error=End of file
